<?xml version="1.0" encoding="UTF-8"?>
<testsuite name="Thirteen" tests="1" skipped="0" failures="1" errors="0" timestamp="2019-12-18T20:35:59" hostname="DESKTOP-E9A41FJ" time="11.356">
  <properties/>
  <testcase name="testGoogleSearch" classname="Thirteen" time="11.356">
    <failure message="org.openqa.selenium.SessionNotCreatedException: session not created&#10;from disconnected: received Inspector.detached event&#10;  (Session info: chrome=79.0.3945.88)&#10;Build info: version: '3.141.59', revision: 'e82be7d358', time: '2018-11-14T08:17:03'&#10;System info: host: 'DESKTOP-E9A41FJ', ip: '192.168.0.14', os.name: 'Windows 10', os.arch: 'amd64', os.version: '10.0', java.version: '11.0.4'&#10;Driver info: driver.version: ChromeDriver&#10;remote stacktrace: Backtrace:&#10;&#9;Ordinal0 [0x0106A923+1550627]&#10;&#9;Ordinal0 [0x00FEA731+1025841]&#10;&#9;Ordinal0 [0x00F6C715+509717]&#10;&#9;Ordinal0 [0x00F65259+479833]&#10;&#9;Ordinal0 [0x00F64E2A+478762]&#10;&#9;Ordinal0 [0x00F648A8+477352]&#10;&#9;Ordinal0 [0x00F6401A+475162]&#10;&#9;Ordinal0 [0x00F64135+475445]&#10;&#9;Ordinal0 [0x00F63BE5+474085]&#10;&#9;Ordinal0 [0x00F6B475+504949]&#10;&#9;Ordinal0 [0x00F63B98+474008]&#10;&#9;Ordinal0 [0x00F6454B+476491]&#10;&#9;Ordinal0 [0x00F6401A+475162]&#10;&#9;Ordinal0 [0x00F64135+475445]&#10;&#9;Ordinal0 [0x00F63BE5+474085]&#10;&#9;Ordinal0 [0x00F69DBE+499134]&#10;&#9;Ordinal0 [0x00F63B98+474008]&#10;&#9;Ordinal0 [0x00F6454B+476491]&#10;&#9;Ordinal0 [0x00F6401A+475162]&#10;&#9;Ordinal0 [0x00F64135+475445]&#10;&#9;Ordinal0 [0x00F63BE5+474085]&#10;&#9;Ordinal0 [0x00F6863D+493117]&#10;&#9;Ordinal0 [0x00F63B98+474008]&#10;&#9;Ordinal0 [0x00F6454B+476491]&#10;&#9;Ordinal0 [0x00F6401A+475162]&#10;&#9;Ordinal0 [0x00F64135+475445]&#10;&#9;Ordinal0 [0x00F63BE5+474085]&#10;&#9;Ordinal0 [0x00F67CF7+490743]&#10;&#9;Ordinal0 [0x00F63B98+474008]&#10;&#9;Ordinal0 [0x00F6454B+476491]&#10;&#9;Ordinal0 [0x00F6401A+475162]&#10;&#9;Ordinal0 [0x00F64135+475445]&#10;&#9;Ordinal0 [0x00F63BE5+474085]&#10;&#9;Ordinal0 [0x00F607DC+460764]&#10;&#9;Ordinal0 [0x00F63B98+474008]&#10;&#9;Ordinal0 [0x00F63A74+473716]&#10;&#9;Ordinal0 [0x00F6D360+512864]&#10;&#9;Ordinal0 [0x00F1B649+177737]&#10;&#9;Ordinal0 [0x00F1A8ED+174317]&#10;&#9;Ordinal0 [0x00F18CDB+167131]&#10;&#9;Ordinal0 [0x00F0144A+70730]&#10;&#9;Ordinal0 [0x00F024D0+74960]&#10;&#9;Ordinal0 [0x00F02469+74857]&#10;&#9;Ordinal0 [0x010042F7+1131255]&#10;&#9;GetHandleVerifier [0x0110711D+523789]&#10;&#9;GetHandleVerifier [0x01106EB0+523168]&#10;&#9;GetHandleVerifier [0x0110E207+552695]&#10;&#9;GetHandleVerifier [0x0110791A+525834]&#10;&#9;Ordinal0 [0x00FFB82C+1095724]&#10;&#9;Ordinal0 [0x0100636B+1139563]&#10;&#9;Ordinal0 [0x010064D3+1139923]&#10;&#9;Ordinal0 [0x01005455+1135701]&#10;&#9;BaseThreadInitThunk [0x777F8494+36]&#10;&#9;RtlAreBitsSet [0x77C241C8+136]&#10;&#9;RtlAreBitsSet [0x77C24198+88]&#10;" type="org.openqa.selenium.SessionNotCreatedException">org.openqa.selenium.SessionNotCreatedException: session not created
from disconnected: received Inspector.detached event
  (Session info: chrome=79.0.3945.88)
Build info: version: '3.141.59', revision: 'e82be7d358', time: '2018-11-14T08:17:03'
System info: host: 'DESKTOP-E9A41FJ', ip: '192.168.0.14', os.name: 'Windows 10', os.arch: 'amd64', os.version: '10.0', java.version: '11.0.4'
Driver info: driver.version: ChromeDriver
remote stacktrace: Backtrace:
	Ordinal0 [0x0106A923+1550627]
	Ordinal0 [0x00FEA731+1025841]
	Ordinal0 [0x00F6C715+509717]
	Ordinal0 [0x00F65259+479833]
	Ordinal0 [0x00F64E2A+478762]
	Ordinal0 [0x00F648A8+477352]
	Ordinal0 [0x00F6401A+475162]
	Ordinal0 [0x00F64135+475445]
	Ordinal0 [0x00F63BE5+474085]
	Ordinal0 [0x00F6B475+504949]
	Ordinal0 [0x00F63B98+474008]
	Ordinal0 [0x00F6454B+476491]
	Ordinal0 [0x00F6401A+475162]
	Ordinal0 [0x00F64135+475445]
	Ordinal0 [0x00F63BE5+474085]
	Ordinal0 [0x00F69DBE+499134]
	Ordinal0 [0x00F63B98+474008]
	Ordinal0 [0x00F6454B+476491]
	Ordinal0 [0x00F6401A+475162]
	Ordinal0 [0x00F64135+475445]
	Ordinal0 [0x00F63BE5+474085]
	Ordinal0 [0x00F6863D+493117]
	Ordinal0 [0x00F63B98+474008]
	Ordinal0 [0x00F6454B+476491]
	Ordinal0 [0x00F6401A+475162]
	Ordinal0 [0x00F64135+475445]
	Ordinal0 [0x00F63BE5+474085]
	Ordinal0 [0x00F67CF7+490743]
	Ordinal0 [0x00F63B98+474008]
	Ordinal0 [0x00F6454B+476491]
	Ordinal0 [0x00F6401A+475162]
	Ordinal0 [0x00F64135+475445]
	Ordinal0 [0x00F63BE5+474085]
	Ordinal0 [0x00F607DC+460764]
	Ordinal0 [0x00F63B98+474008]
	Ordinal0 [0x00F63A74+473716]
	Ordinal0 [0x00F6D360+512864]
	Ordinal0 [0x00F1B649+177737]
	Ordinal0 [0x00F1A8ED+174317]
	Ordinal0 [0x00F18CDB+167131]
	Ordinal0 [0x00F0144A+70730]
	Ordinal0 [0x00F024D0+74960]
	Ordinal0 [0x00F02469+74857]
	Ordinal0 [0x010042F7+1131255]
	GetHandleVerifier [0x0110711D+523789]
	GetHandleVerifier [0x01106EB0+523168]
	GetHandleVerifier [0x0110E207+552695]
	GetHandleVerifier [0x0110791A+525834]
	Ordinal0 [0x00FFB82C+1095724]
	Ordinal0 [0x0100636B+1139563]
	Ordinal0 [0x010064D3+1139923]
	Ordinal0 [0x01005455+1135701]
	BaseThreadInitThunk [0x777F8494+36]
	RtlAreBitsSet [0x77C241C8+136]
	RtlAreBitsSet [0x77C24198+88]

	at java.base/jdk.internal.reflect.NativeConstructorAccessorImpl.newInstance0(Native Method)
	at java.base/jdk.internal.reflect.NativeConstructorAccessorImpl.newInstance(NativeConstructorAccessorImpl.java:62)
	at java.base/jdk.internal.reflect.DelegatingConstructorAccessorImpl.newInstance(DelegatingConstructorAccessorImpl.java:45)
	at java.base/java.lang.reflect.Constructor.newInstance(Constructor.java:490)
	at org.openqa.selenium.remote.W3CHandshakeResponse.lambda$errorHandler$0(W3CHandshakeResponse.java:62)
	at org.openqa.selenium.remote.HandshakeResponse.lambda$getResponseFunction$0(HandshakeResponse.java:30)
	at org.openqa.selenium.remote.ProtocolHandshake.lambda$createSession$0(ProtocolHandshake.java:126)
	at java.base/java.util.stream.ReferencePipeline$3$1.accept(ReferencePipeline.java:195)
	at java.base/java.util.Spliterators$ArraySpliterator.tryAdvance(Spliterators.java:958)
	at java.base/java.util.stream.ReferencePipeline.forEachWithCancel(ReferencePipeline.java:127)
	at java.base/java.util.stream.AbstractPipeline.copyIntoWithCancel(AbstractPipeline.java:502)
	at java.base/java.util.stream.AbstractPipeline.copyInto(AbstractPipeline.java:488)
	at java.base/java.util.stream.AbstractPipeline.wrapAndCopyInto(AbstractPipeline.java:474)
	at java.base/java.util.stream.FindOps$FindOp.evaluateSequential(FindOps.java:150)
	at java.base/java.util.stream.AbstractPipeline.evaluate(AbstractPipeline.java:234)
	at java.base/java.util.stream.ReferencePipeline.findFirst(ReferencePipeline.java:543)
	at org.openqa.selenium.remote.ProtocolHandshake.createSession(ProtocolHandshake.java:128)
	at org.openqa.selenium.remote.ProtocolHandshake.createSession(ProtocolHandshake.java:74)
	at org.openqa.selenium.remote.HttpCommandExecutor.execute(HttpCommandExecutor.java:136)
	at org.openqa.selenium.remote.service.DriverCommandExecutor.execute(DriverCommandExecutor.java:83)
	at org.openqa.selenium.remote.RemoteWebDriver.execute(RemoteWebDriver.java:552)
	at org.openqa.selenium.remote.RemoteWebDriver.startSession(RemoteWebDriver.java:213)
	at org.openqa.selenium.remote.RemoteWebDriver.&lt;init&gt;(RemoteWebDriver.java:131)
	at org.openqa.selenium.chrome.ChromeDriver.&lt;init&gt;(ChromeDriver.java:181)
	at org.openqa.selenium.chrome.ChromeDriver.&lt;init&gt;(ChromeDriver.java:168)
	at org.openqa.selenium.chrome.ChromeDriver.&lt;init&gt;(ChromeDriver.java:123)
	at Thirteen.start(Thirteen.java:27)
	at java.base/jdk.internal.reflect.NativeMethodAccessorImpl.invoke0(Native Method)
	at java.base/jdk.internal.reflect.NativeMethodAccessorImpl.invoke(NativeMethodAccessorImpl.java:62)
	at java.base/jdk.internal.reflect.DelegatingMethodAccessorImpl.invoke(DelegatingMethodAccessorImpl.java:43)
	at java.base/java.lang.reflect.Method.invoke(Method.java:566)
	at org.junit.runners.model.FrameworkMethod$1.runReflectiveCall(FrameworkMethod.java:50)
	at org.junit.internal.runners.model.ReflectiveCallable.run(ReflectiveCallable.java:12)
	at org.junit.runners.model.FrameworkMethod.invokeExplosively(FrameworkMethod.java:47)
	at org.junit.internal.runners.statements.RunBefores.evaluate(RunBefores.java:24)
	at org.junit.internal.runners.statements.RunAfters.evaluate(RunAfters.java:27)
	at org.junit.runners.ParentRunner.runLeaf(ParentRunner.java:325)
	at org.junit.runners.BlockJUnit4ClassRunner.runChild(BlockJUnit4ClassRunner.java:78)
	at org.junit.runners.BlockJUnit4ClassRunner.runChild(BlockJUnit4ClassRunner.java:57)
	at org.junit.runners.ParentRunner$3.run(ParentRunner.java:290)
	at org.junit.runners.ParentRunner$1.schedule(ParentRunner.java:71)
	at org.junit.runners.ParentRunner.runChildren(ParentRunner.java:288)
	at org.junit.runners.ParentRunner.access$000(ParentRunner.java:58)
	at org.junit.runners.ParentRunner$2.evaluate(ParentRunner.java:268)
	at org.junit.runners.ParentRunner.run(ParentRunner.java:363)
	at org.gradle.api.internal.tasks.testing.junit.JUnitTestClassExecutor.runTestClass(JUnitTestClassExecutor.java:110)
	at org.gradle.api.internal.tasks.testing.junit.JUnitTestClassExecutor.execute(JUnitTestClassExecutor.java:58)
	at org.gradle.api.internal.tasks.testing.junit.JUnitTestClassExecutor.execute(JUnitTestClassExecutor.java:38)
	at org.gradle.api.internal.tasks.testing.junit.AbstractJUnitTestClassProcessor.processTestClass(AbstractJUnitTestClassProcessor.java:62)
	at org.gradle.api.internal.tasks.testing.SuiteTestClassProcessor.processTestClass(SuiteTestClassProcessor.java:51)
	at java.base/jdk.internal.reflect.NativeMethodAccessorImpl.invoke0(Native Method)
	at java.base/jdk.internal.reflect.NativeMethodAccessorImpl.invoke(NativeMethodAccessorImpl.java:62)
	at java.base/jdk.internal.reflect.DelegatingMethodAccessorImpl.invoke(DelegatingMethodAccessorImpl.java:43)
	at java.base/java.lang.reflect.Method.invoke(Method.java:566)
	at org.gradle.internal.dispatch.ReflectionDispatch.dispatch(ReflectionDispatch.java:35)
	at org.gradle.internal.dispatch.ReflectionDispatch.dispatch(ReflectionDispatch.java:24)
	at org.gradle.internal.dispatch.ContextClassLoaderDispatch.dispatch(ContextClassLoaderDispatch.java:32)
	at org.gradle.internal.dispatch.ProxyDispatchAdapter$DispatchingInvocationHandler.invoke(ProxyDispatchAdapter.java:93)
	at com.sun.proxy.$Proxy2.processTestClass(Unknown Source)
	at org.gradle.api.internal.tasks.testing.worker.TestWorker.processTestClass(TestWorker.java:118)
	at java.base/jdk.internal.reflect.NativeMethodAccessorImpl.invoke0(Native Method)
	at java.base/jdk.internal.reflect.NativeMethodAccessorImpl.invoke(NativeMethodAccessorImpl.java:62)
	at java.base/jdk.internal.reflect.DelegatingMethodAccessorImpl.invoke(DelegatingMethodAccessorImpl.java:43)
	at java.base/java.lang.reflect.Method.invoke(Method.java:566)
	at org.gradle.internal.dispatch.ReflectionDispatch.dispatch(ReflectionDispatch.java:35)
	at org.gradle.internal.dispatch.ReflectionDispatch.dispatch(ReflectionDispatch.java:24)
	at org.gradle.internal.remote.internal.hub.MessageHubBackedObjectConnection$DispatchWrapper.dispatch(MessageHubBackedObjectConnection.java:175)
	at org.gradle.internal.remote.internal.hub.MessageHubBackedObjectConnection$DispatchWrapper.dispatch(MessageHubBackedObjectConnection.java:157)
	at org.gradle.internal.remote.internal.hub.MessageHub$Handler.run(MessageHub.java:404)
	at org.gradle.internal.concurrent.ExecutorPolicy$CatchAndRecordFailures.onExecute(ExecutorPolicy.java:63)
	at org.gradle.internal.concurrent.ManagedExecutorImpl$1.run(ManagedExecutorImpl.java:46)
	at java.base/java.util.concurrent.ThreadPoolExecutor.runWorker(ThreadPoolExecutor.java:1128)
	at java.base/java.util.concurrent.ThreadPoolExecutor$Worker.run(ThreadPoolExecutor.java:628)
	at org.gradle.internal.concurrent.ThreadFactoryImpl$ManagedThreadRunnable.run(ThreadFactoryImpl.java:55)
	at java.base/java.lang.Thread.run(Thread.java:834)
</failure>
    <failure message="java.lang.NullPointerException" type="java.lang.NullPointerException">java.lang.NullPointerException
	at Thirteen.stop(Thirteen.java:93)
	at java.base/jdk.internal.reflect.NativeMethodAccessorImpl.invoke0(Native Method)
	at java.base/jdk.internal.reflect.NativeMethodAccessorImpl.invoke(NativeMethodAccessorImpl.java:62)
	at java.base/jdk.internal.reflect.DelegatingMethodAccessorImpl.invoke(DelegatingMethodAccessorImpl.java:43)
	at java.base/java.lang.reflect.Method.invoke(Method.java:566)
	at org.junit.runners.model.FrameworkMethod$1.runReflectiveCall(FrameworkMethod.java:50)
	at org.junit.internal.runners.model.ReflectiveCallable.run(ReflectiveCallable.java:12)
	at org.junit.runners.model.FrameworkMethod.invokeExplosively(FrameworkMethod.java:47)
	at org.junit.internal.runners.statements.RunAfters.evaluate(RunAfters.java:33)
	at org.junit.runners.ParentRunner.runLeaf(ParentRunner.java:325)
	at org.junit.runners.BlockJUnit4ClassRunner.runChild(BlockJUnit4ClassRunner.java:78)
	at org.junit.runners.BlockJUnit4ClassRunner.runChild(BlockJUnit4ClassRunner.java:57)
	at org.junit.runners.ParentRunner$3.run(ParentRunner.java:290)
	at org.junit.runners.ParentRunner$1.schedule(ParentRunner.java:71)
	at org.junit.runners.ParentRunner.runChildren(ParentRunner.java:288)
	at org.junit.runners.ParentRunner.access$000(ParentRunner.java:58)
	at org.junit.runners.ParentRunner$2.evaluate(ParentRunner.java:268)
	at org.junit.runners.ParentRunner.run(ParentRunner.java:363)
	at org.gradle.api.internal.tasks.testing.junit.JUnitTestClassExecutor.runTestClass(JUnitTestClassExecutor.java:110)
	at org.gradle.api.internal.tasks.testing.junit.JUnitTestClassExecutor.execute(JUnitTestClassExecutor.java:58)
	at org.gradle.api.internal.tasks.testing.junit.JUnitTestClassExecutor.execute(JUnitTestClassExecutor.java:38)
	at org.gradle.api.internal.tasks.testing.junit.AbstractJUnitTestClassProcessor.processTestClass(AbstractJUnitTestClassProcessor.java:62)
	at org.gradle.api.internal.tasks.testing.SuiteTestClassProcessor.processTestClass(SuiteTestClassProcessor.java:51)
	at java.base/jdk.internal.reflect.NativeMethodAccessorImpl.invoke0(Native Method)
	at java.base/jdk.internal.reflect.NativeMethodAccessorImpl.invoke(NativeMethodAccessorImpl.java:62)
	at java.base/jdk.internal.reflect.DelegatingMethodAccessorImpl.invoke(DelegatingMethodAccessorImpl.java:43)
	at java.base/java.lang.reflect.Method.invoke(Method.java:566)
	at org.gradle.internal.dispatch.ReflectionDispatch.dispatch(ReflectionDispatch.java:35)
	at org.gradle.internal.dispatch.ReflectionDispatch.dispatch(ReflectionDispatch.java:24)
	at org.gradle.internal.dispatch.ContextClassLoaderDispatch.dispatch(ContextClassLoaderDispatch.java:32)
	at org.gradle.internal.dispatch.ProxyDispatchAdapter$DispatchingInvocationHandler.invoke(ProxyDispatchAdapter.java:93)
	at com.sun.proxy.$Proxy2.processTestClass(Unknown Source)
	at org.gradle.api.internal.tasks.testing.worker.TestWorker.processTestClass(TestWorker.java:118)
	at java.base/jdk.internal.reflect.NativeMethodAccessorImpl.invoke0(Native Method)
	at java.base/jdk.internal.reflect.NativeMethodAccessorImpl.invoke(NativeMethodAccessorImpl.java:62)
	at java.base/jdk.internal.reflect.DelegatingMethodAccessorImpl.invoke(DelegatingMethodAccessorImpl.java:43)
	at java.base/java.lang.reflect.Method.invoke(Method.java:566)
	at org.gradle.internal.dispatch.ReflectionDispatch.dispatch(ReflectionDispatch.java:35)
	at org.gradle.internal.dispatch.ReflectionDispatch.dispatch(ReflectionDispatch.java:24)
	at org.gradle.internal.remote.internal.hub.MessageHubBackedObjectConnection$DispatchWrapper.dispatch(MessageHubBackedObjectConnection.java:175)
	at org.gradle.internal.remote.internal.hub.MessageHubBackedObjectConnection$DispatchWrapper.dispatch(MessageHubBackedObjectConnection.java:157)
	at org.gradle.internal.remote.internal.hub.MessageHub$Handler.run(MessageHub.java:404)
	at org.gradle.internal.concurrent.ExecutorPolicy$CatchAndRecordFailures.onExecute(ExecutorPolicy.java:63)
	at org.gradle.internal.concurrent.ManagedExecutorImpl$1.run(ManagedExecutorImpl.java:46)
	at java.base/java.util.concurrent.ThreadPoolExecutor.runWorker(ThreadPoolExecutor.java:1128)
	at java.base/java.util.concurrent.ThreadPoolExecutor$Worker.run(ThreadPoolExecutor.java:628)
	at org.gradle.internal.concurrent.ThreadFactoryImpl$ManagedThreadRunnable.run(ThreadFactoryImpl.java:55)
	at java.base/java.lang.Thread.run(Thread.java:834)
</failure>
  </testcase>
  <system-out><![CDATA[]]></system-out>
  <system-err><![CDATA[Starting ChromeDriver 78.0.3904.105 (60e2d8774a8151efa6a00b1f358371b1e0e07ee2-refs/branch-heads/3904@{#877}) on port 37798
Only local connections are allowed.
Please protect ports used by ChromeDriver and related test frameworks to prevent access by malicious code.
[1576701361.070][WARNING]: This version of ChromeDriver has not been tested with Chrome version 79.
[1576701361.834][WARNING]: This version of ChromeDriver has not been tested with Chrome version 79.
[1576701362.953][WARNING]: This version of ChromeDriver has not been tested with Chrome version 79.
[1576701364.080][WARNING]: This version of ChromeDriver has not been tested with Chrome version 79.
[1576701365.156][WARNING]: This version of ChromeDriver has not been tested with Chrome version 79.
[1576701366.233][WARNING]: This version of ChromeDriver has not been tested with Chrome version 79.
[1576701367.315][WARNING]: This version of ChromeDriver has not been tested with Chrome version 79.
[1576701368.385][WARNING]: This version of ChromeDriver has not been tested with Chrome version 79.
]]></system-err>
</testsuite>
